<?xml version="1.0" encoding="UTF-8"?>
<!-- Generated by org.testng.reporters.JUnitReportReporter -->
<testsuite hostname="DEV-LPT331" failures="0" tests="1" name="com.hrm.tests.HomePageTest" time="6.499" errors="0" timestamp="2024-03-06T00:02:52 IST" skipped="0">
  <testcase classname="com.hrm.tests.HomePageTest" name="test2" time="6.499"/>
  <system-out/>
</testsuite> <!-- com.hrm.tests.HomePageTest -->
