<?xml version="1.0" encoding="UTF-8"?>
<!-- Generated by org.testng.reporters.JUnitReportReporter -->
<testsuite hostname="DEV-LPT331" failures="0" tests="1" name="com.hrm.tests.LoginPageTest" time="6.589" errors="0" timestamp="2024-03-06T00:02:52 IST" skipped="0">
  <testcase classname="com.hrm.tests.LoginPageTest" name="test1" time="6.589"/>
  <system-out/>
</testsuite> <!-- com.hrm.tests.LoginPageTest -->
